<?xml version="1.0" encoding="UTF-8"?>
<!-- Generated by org.testng.reporters.JUnitReportReporter -->
<testsuite hostname="Sasi" failures="0" tests="1" name="com.selenium.tests.DemoGetCSSValue" time="3.496" errors="0" timestamp="2022-09-20T07:23:31 IST" skipped="0">
  <testcase classname="com.selenium.tests.DemoGetCSSValue" name="testNavigationMethods" time="3.496"/>
  <system-out/>
</testsuite> <!-- com.selenium.tests.DemoGetCSSValue -->
