<?xml version="1.0" encoding="UTF-8"?>
<!-- Generated by org.testng.reporters.JUnitReportReporter -->
<testsuite hostname="Sasi" failures="0" tests="1" name="com.selenium.tests.ChromeOptions.DemoChOptions" time="10.150" errors="0" timestamp="2022-09-24T07:53:21 IST" skipped="0">
  <testcase classname="com.selenium.tests.ChromeOptions.DemoChOptions" name="test" time="10.150"/>
  <system-out/>
</testsuite> <!-- com.selenium.tests.ChromeOptions.DemoChOptions -->
