<?xml version="1.0" encoding="UTF-8"?>
<!-- Generated by org.testng.reporters.JUnitReportReporter -->
<testsuite hostname="Sasi" failures="0" tests="1" name="com.selenium.tests.DemoXpath1" time="7.796" errors="0" timestamp="2022-09-17T08:29:17 IST" skipped="0">
  <testcase classname="com.selenium.tests.DemoXpath1" name="DemoTestprintBoolkTitle" time="7.796"/>
  <system-out/>
</testsuite> <!-- com.selenium.tests.DemoXpath1 -->
