<?xml version="1.0" encoding="UTF-8"?>
<!-- Generated by org.testng.reporters.JUnitReportReporter -->
<testsuite hostname="Sasi" failures="0" tests="1" name="com.selenium.tests.DemoNAvigationMethods" time="6.079" errors="0" timestamp="2022-09-19T07:33:54 IST" skipped="0">
  <testcase classname="com.selenium.tests.DemoNAvigationMethods" name="testNavigationMethods" time="6.079"/>
  <system-out/>
</testsuite> <!-- com.selenium.tests.DemoNAvigationMethods -->
