<?xml version="1.0" encoding="UTF-8"?>
<!-- Generated by org.testng.reporters.JUnitReportReporter -->
<testsuite hostname="Sasi" failures="0" tests="1" name="com.selenium.tests.DemoXpath2" time="13.022" errors="0" timestamp="2022-09-18T07:43:04 IST" skipped="0">
  <testcase classname="com.selenium.tests.DemoXpath2" name="printValue" time="13.022"/>
  <system-out/>
</testsuite> <!-- com.selenium.tests.DemoXpath2 -->
