<?xml version="1.0" encoding="UTF-8"?>
<!-- Generated by org.testng.reporters.JUnitReportReporter -->
<testsuite hostname="Sasi" failures="0" tests="2" name="tests.selenium.actions.DoubleClickDemo" time="3.231" errors="0" timestamp="2022-09-23T07:47:05 IST" skipped="0">
  <testcase classname="tests.selenium.actions.DoubleClickDemo" name="testDoubleClick" time="2.972"/>
  <system-out/>
  <testcase classname="tests.selenium.actions.DoubleClickDemo" name="testRightClick" time="0.259"/>
  <system-out/>
</testsuite> <!-- tests.selenium.actions.DoubleClickDemo -->
