<?xml version="1.0" encoding="UTF-8"?>
<!-- Generated by org.testng.reporters.JUnitReportReporter -->
<testsuite hostname="Sasi" failures="0" tests="3" name="com.selenium.tests.alerts.DemoAlertsTest" time="45.416" errors="0" timestamp="2022-09-21T07:39:19 IST" skipped="0">
  <testcase classname="com.selenium.tests.alerts.DemoAlertsTest" name="testSimpleAlert" time="5.025"/>
  <system-out/>
  <testcase classname="com.selenium.tests.alerts.DemoAlertsTest" name="testConfirmationAlert" time="20.119"/>
  <system-out/>
  <testcase classname="com.selenium.tests.alerts.DemoAlertsTest" name="testPromptAlert" time="20.272"/>
  <system-out/>
</testsuite> <!-- com.selenium.tests.alerts.DemoAlertsTest -->
