<?xml version="1.0" encoding="UTF-8"?>
<!-- Generated by org.testng.reporters.JUnitReportReporter -->
<testsuite hostname="Sasi" failures="0" tests="1" name="com.selenium.tests.DemoWebElementMethods2" time="11.573" errors="0" timestamp="2022-09-20T07:52:17 IST" skipped="0">
  <testcase classname="com.selenium.tests.DemoWebElementMethods2" name="testNavigationMethods" time="11.573"/>
  <system-out/>
</testsuite> <!-- com.selenium.tests.DemoWebElementMethods2 -->
