<?xml version="1.0" encoding="UTF-8"?>
<!-- Generated by org.testng.reporters.JUnitReportReporter -->
<testsuite hostname="Sasi" failures="0" tests="1" name="com.selenium.tests.DemoWebElementMethods4" time="6.521" errors="0" timestamp="2022-09-20T07:55:48 IST" skipped="0">
  <testcase classname="com.selenium.tests.DemoWebElementMethods4" name="testNavigationMethods" time="6.521"/>
  <system-out/>
</testsuite> <!-- com.selenium.tests.DemoWebElementMethods4 -->
