<?xml version="1.0" encoding="UTF-8"?>
<!-- Generated by org.testng.reporters.JUnitReportReporter -->
<testsuite hostname="Sasi" failures="0" tests="1" name="com.java.uploadfile.DemoUploadFile" time="18.808" errors="0" timestamp="2022-09-26T07:49:34 IST" skipped="0">
  <testcase classname="com.java.uploadfile.DemoUploadFile" name="test" time="18.808"/>
  <system-out/>
</testsuite> <!-- com.java.uploadfile.DemoUploadFile -->
