<?xml version="1.0" encoding="UTF-8"?>
<!-- Generated by org.testng.reporters.JUnitReportReporter -->
<testsuite hostname="Sasi" failures="0" tests="1" name="com.selenium.properties.DemoProperties2" time="22.340" errors="0" timestamp="2022-10-01T07:34:12 IST" skipped="0">
  <testcase classname="com.selenium.properties.DemoProperties2" name="testPropertiesFile" time="22.340"/>
  <system-out/>
</testsuite> <!-- com.selenium.properties.DemoProperties2 -->
