<?xml version="1.0" encoding="UTF-8"?>
<!-- Generated by org.testng.reporters.JUnitReportReporter -->
<testsuite hostname="Sasi" failures="0" tests="1" name="com.selenium.tests.DemoWebElementMethods" time="11.137" errors="0" timestamp="2022-09-19T07:46:37 IST" skipped="0">
  <testcase classname="com.selenium.tests.DemoWebElementMethods" name="testNavigationMethods" time="11.137"/>
  <system-out/>
</testsuite> <!-- com.selenium.tests.DemoWebElementMethods -->
