<?xml version="1.0" encoding="UTF-8"?>
<!-- Generated by org.testng.reporters.JUnitReportReporter -->
<testsuite hostname="Sasi" failures="0" tests="1" name="com.selenium.tables.DemoDynamicTables" time="15.271" errors="0" timestamp="2022-09-25T08:03:33 IST" skipped="0">
  <testcase classname="com.selenium.tables.DemoDynamicTables" name="testPrintEmployeeData" time="15.271"/>
  <system-out/>
</testsuite> <!-- com.selenium.tables.DemoDynamicTables -->
