<?xml version="1.0" encoding="UTF-8"?>
<!-- Generated by org.testng.reporters.JUnitReportReporter -->
<testsuite hostname="Sasi" failures="0" tests="3" name="com.selenium.testng.DemoTestAnnotations" time="0.009" errors="0" timestamp="2022-08-25T07:41:33 IST" skipped="0">
  <testcase classname="com.selenium.testng.DemoTestAnnotations" name="testLogin" time="0.005"/>
  <system-out/>
  <testcase classname="com.selenium.testng.DemoTestAnnotations" name="craeteUser" time="0.003"/>
  <system-out/>
  <testcase classname="com.selenium.testng.DemoTestAnnotations" name="testLogout" time="0.001"/>
  <system-out/>
</testsuite> <!-- com.selenium.testng.DemoTestAnnotations -->
