<?xml version="1.0" encoding="UTF-8"?>
<!-- Generated by org.testng.reporters.JUnitReportReporter -->
<testsuite hostname="Sasi" failures="0" tests="7" name="com.selenium.testng.groups.DemoGroups" time="0.012" errors="0" timestamp="2022-09-30T07:36:54 IST" skipped="0">
  <testcase classname="com.selenium.testng.groups.DemoGroups" name="testsignup" time="0.006"/>
  <system-out/>
  <testcase classname="com.selenium.testng.groups.DemoGroups" name="testStaffSignup" time="0.001"/>
  <system-out/>
  <testcase classname="com.selenium.testng.groups.DemoGroups" name="testLeave" time="0.001"/>
  <system-out/>
  <testcase classname="com.selenium.testng.groups.DemoGroups" name="testApplyLeave" time="0.001"/>
  <system-out/>
  <testcase classname="com.selenium.testng.groups.DemoGroups" name="testEditLeave" time="0.001"/>
  <system-out/>
  <testcase classname="com.selenium.testng.groups.DemoGroups" name="testCancelLeave" time="0.001"/>
  <system-out/>
  <testcase classname="com.selenium.testng.groups.DemoGroups" name="testApproveLeave" time="0.001"/>
  <system-out/>
</testsuite> <!-- com.selenium.testng.groups.DemoGroups -->
