<?xml version="1.0" encoding="UTF-8"?>
<!-- Generated by org.testng.reporters.JUnitReportReporter -->
<testsuite hostname="Sasi" failures="0" tests="1" name="com.selenium.js.DemoJS" time="51.123" errors="0" timestamp="2022-09-29T07:53:47 IST" skipped="0">
  <testcase classname="com.selenium.js.DemoJS" name="testAssertFalse" time="51.123"/>
  <system-out/>
</testsuite> <!-- com.selenium.js.DemoJS -->
