<?xml version="1.0" encoding="UTF-8"?>
<!-- Generated by org.testng.reporters.JUnitReportReporter -->
<testsuite hostname="Sasi" failures="0" tests="1" name="tests.selenium.actions.MouseHoverAndPrintListValue" time="0.571" errors="0" timestamp="2022-09-23T07:47:05 IST" skipped="0">
  <testcase classname="tests.selenium.actions.MouseHoverAndPrintListValue" name="mouseHoveronWebElement" time="0.571"/>
  <system-out/>
</testsuite> <!-- tests.selenium.actions.MouseHoverAndPrintListValue -->
