<?xml version="1.0" encoding="UTF-8"?>
<!-- Generated by org.testng.reporters.JUnitReportReporter -->
<testsuite hostname="Sasi" failures="0" tests="1" name="com.selenium.tests.PrintPageTitleOnErrorPage" time="8.092" errors="0" timestamp="2022-08-25T07:31:44 IST" skipped="0">
  <testcase classname="com.selenium.tests.PrintPageTitleOnErrorPage" name="test" time="8.092"/>
  <system-out/>
</testsuite> <!-- com.selenium.tests.PrintPageTitleOnErrorPage -->
