<?xml version="1.0" encoding="UTF-8"?>
<!-- Generated by org.testng.reporters.JUnitReportReporter -->
<testsuite hostname="Sasi" failures="0" tests="1" name="com.java.basics.DemoEx" time="25.450" errors="0" timestamp="2022-09-14T08:01:51 IST" skipped="0">
  <testcase classname="com.java.basics.DemoEx" name="test1" time="25.450"/>
  <system-out/>
</testsuite> <!-- com.java.basics.DemoEx -->
