<?xml version="1.0" encoding="UTF-8"?>
<!-- Generated by org.testng.reporters.JUnitReportReporter -->
<testsuite hostname="Sasi" failures="0" tests="1" name="com.selenium.assertions.DemoHardAssertion" time="26.116" errors="0" timestamp="2022-09-29T07:26:36 IST" skipped="0">
  <testcase classname="com.selenium.assertions.DemoHardAssertion" name="test" time="26.116"/>
  <system-out/>
</testsuite> <!-- com.selenium.assertions.DemoHardAssertion -->
