<?xml version="1.0" encoding="UTF-8"?>
<!-- Generated by org.testng.reporters.JUnitReportReporter -->
<testsuite hostname="Sasi" failures="0" tests="1" name="com.java.frames.DemoFrame" time="25.948" errors="0" timestamp="2022-09-26T07:39:19 IST" skipped="0">
  <testcase classname="com.java.frames.DemoFrame" name="test" time="25.948"/>
  <system-out/>
</testsuite> <!-- com.java.frames.DemoFrame -->
